The system is: Linux - 4.18.0-147.5.1.el8_1.x86_64 - x86_64
Compiling the C compiler identification source file "CMakeCCompilerId.c" succeeded.
Compiler: /usr/bin/gcc 
Build flags: 
Id flags:  

The output was:
0


Compilation of the C compiler identification source "CMakeCCompilerId.c" produced "a.out"

The C compiler identification is GNU, found in "/home/goto/ILC/LCFIPlus/build/CMakeFiles/3.15.5/CompilerIdC/a.out"

Compiling the CXX compiler identification source file "CMakeCXXCompilerId.cpp" succeeded.
Compiler: /usr/bin/g++ 
Build flags: 
Id flags:  

The output was:
0


Compilation of the CXX compiler identification source "CMakeCXXCompilerId.cpp" produced "a.out"

The CXX compiler identification is GNU, found in "/home/goto/ILC/LCFIPlus/build/CMakeFiles/3.15.5/CompilerIdCXX/a.out"

Determining if the C compiler works passed with the following output:
Change Dir: /home/goto/ILC/LCFIPlus/build/CMakeFiles/CMakeTmp

Run Build Command(s):/usr/bin/gmake cmTC_45b6f/fast && gmake: 警告: ファイル 'Makefile' の修正時刻 0.69 は未来の時刻です
/usr/bin/gmake -f CMakeFiles/cmTC_45b6f.dir/build.make CMakeFiles/cmTC_45b6f.dir/build
gmake[1]: ディレクトリ '/disk/ssd01/home_ssd01/goto/ILC/LCFIPlus/build/CMakeFiles/CMakeTmp' に入ります
gmake[1]: 警告: ファイル 'CMakeFiles/cmTC_45b6f.dir/flags.make' の修正時刻 0.56 は未来の時刻です
Building C object CMakeFiles/cmTC_45b6f.dir/testCCompiler.c.o
/usr/bin/gcc    -o CMakeFiles/cmTC_45b6f.dir/testCCompiler.c.o   -c /home/goto/ILC/LCFIPlus/build/CMakeFiles/CMakeTmp/testCCompiler.c
Linking C executable cmTC_45b6f
/gluster/data/ilc/ilcsoft/v02-02/external_packages/CMake/3.15.5/bin/cmake -E cmake_link_script CMakeFiles/cmTC_45b6f.dir/link.txt --verbose=1
/usr/bin/gcc      -rdynamic CMakeFiles/cmTC_45b6f.dir/testCCompiler.c.o  -o cmTC_45b6f 
gmake[1]: 警告:  時刻のずれを検出. 不完全なビルド結果になるかもしれません.
gmake[1]: ディレクトリ '/disk/ssd01/home_ssd01/goto/ILC/LCFIPlus/build/CMakeFiles/CMakeTmp' から出ます
gmake: 警告:  時刻のずれを検出. 不完全なビルド結果になるかもしれません.



Detecting C compiler ABI info compiled with the following output:
Change Dir: /home/goto/ILC/LCFIPlus/build/CMakeFiles/CMakeTmp

Run Build Command(s):/usr/bin/gmake cmTC_b2e46/fast && gmake: Warning: File 'Makefile' has modification time 0.67 s in the future
/usr/bin/gmake -f CMakeFiles/cmTC_b2e46.dir/build.make CMakeFiles/cmTC_b2e46.dir/build
gmake[1]: Entering directory '/disk/ssd01/home_ssd01/goto/ILC/LCFIPlus/build/CMakeFiles/CMakeTmp'
gmake[1]: Warning: File 'CMakeFiles/cmTC_b2e46.dir/flags.make' has modification time 0.55 s in the future
Building C object CMakeFiles/cmTC_b2e46.dir/CMakeCCompilerABI.c.o
/usr/bin/gcc   -v -o CMakeFiles/cmTC_b2e46.dir/CMakeCCompilerABI.c.o   -c /gluster/data/ilc/ilcsoft/v02-02/external_packages/CMake/3.15.5/share/cmake-3.15/Modules/CMakeCCompilerABI.c
Using built-in specs.
COLLECT_GCC=/usr/bin/gcc
OFFLOAD_TARGET_NAMES=nvptx-none
OFFLOAD_TARGET_DEFAULT=1
Target: x86_64-redhat-linux
Configured with: ../configure --enable-bootstrap --enable-languages=c,c++,fortran,lto --prefix=/usr --mandir=/usr/share/man --infodir=/usr/share/info --with-bugurl=http://bugzilla.redhat.com/bugzilla --enable-shared --enable-threads=posix --enable-checking=release --enable-multilib --with-system-zlib --enable-__cxa_atexit --disable-libunwind-exceptions --enable-gnu-unique-object --enable-linker-build-id --with-gcc-major-version-only --with-linker-hash-style=gnu --enable-plugin --enable-initfini-array --with-isl --disable-libmpx --enable-offload-targets=nvptx-none --without-cuda-driver --enable-gnu-indirect-function --enable-cet --with-tune=generic --with-arch_32=x86-64 --build=x86_64-redhat-linux
Thread model: posix
gcc version 8.3.1 20190507 (Red Hat 8.3.1-4) (GCC) 
COLLECT_GCC_OPTIONS='-v' '-o' 'CMakeFiles/cmTC_b2e46.dir/CMakeCCompilerABI.c.o' '-c' '-mtune=generic' '-march=x86-64'
 /usr/libexec/gcc/x86_64-redhat-linux/8/cc1 -quiet -v /gluster/data/ilc/ilcsoft/v02-02/external_packages/CMake/3.15.5/share/cmake-3.15/Modules/CMakeCCompilerABI.c -quiet -dumpbase CMakeCCompilerABI.c -mtune=generic -march=x86-64 -auxbase-strip CMakeFiles/cmTC_b2e46.dir/CMakeCCompilerABI.c.o -version -o /tmp/ccbvkWax.s
GNU C17 (GCC) version 8.3.1 20190507 (Red Hat 8.3.1-4) (x86_64-redhat-linux)
	compiled by GNU C version 8.3.1 20190507 (Red Hat 8.3.1-4), GMP version 6.1.2, MPFR version 3.1.6-p2, MPC version 1.0.2, isl version isl-0.16.1-GMP

GGC heuristics: --param ggc-min-expand=100 --param ggc-min-heapsize=131072
ignoring nonexistent directory "/usr/lib/gcc/x86_64-redhat-linux/8/include-fixed"
ignoring nonexistent directory "/usr/lib/gcc/x86_64-redhat-linux/8/../../../../x86_64-redhat-linux/include"
#include "..." search starts here:
#include <...> search starts here:
 /usr/lib/gcc/x86_64-redhat-linux/8/include
 /usr/local/include
 /usr/include
End of search list.
GNU C17 (GCC) version 8.3.1 20190507 (Red Hat 8.3.1-4) (x86_64-redhat-linux)
	compiled by GNU C version 8.3.1 20190507 (Red Hat 8.3.1-4), GMP version 6.1.2, MPFR version 3.1.6-p2, MPC version 1.0.2, isl version isl-0.16.1-GMP

GGC heuristics: --param ggc-min-expand=100 --param ggc-min-heapsize=131072
Compiler executable checksum: 6ddc69fb11f7ecd0fffa2bc5451685f7
COLLECT_GCC_OPTIONS='-v' '-o' 'CMakeFiles/cmTC_b2e46.dir/CMakeCCompilerABI.c.o' '-c' '-mtune=generic' '-march=x86-64'
 as -v --64 -o CMakeFiles/cmTC_b2e46.dir/CMakeCCompilerABI.c.o /tmp/ccbvkWax.s
GNU assembler version 2.30 (x86_64-redhat-linux) using BFD version version 2.30-58.el8_1.1
COMPILER_PATH=/usr/libexec/gcc/x86_64-redhat-linux/8/:/usr/libexec/gcc/x86_64-redhat-linux/8/:/usr/libexec/gcc/x86_64-redhat-linux/:/usr/lib/gcc/x86_64-redhat-linux/8/:/usr/lib/gcc/x86_64-redhat-linux/
LIBRARY_PATH=/usr/lib/gcc/x86_64-redhat-linux/8/:/usr/lib/gcc/x86_64-redhat-linux/8/../../../../lib64/:/lib/../lib64/:/usr/lib/../lib64/:./:/home/goto/local/lib/:/usr/lib/gcc/x86_64-redhat-linux/8/../../../:/lib/:/usr/lib/
COLLECT_GCC_OPTIONS='-v' '-o' 'CMakeFiles/cmTC_b2e46.dir/CMakeCCompilerABI.c.o' '-c' '-mtune=generic' '-march=x86-64'
Linking C executable cmTC_b2e46
/gluster/data/ilc/ilcsoft/v02-02/external_packages/CMake/3.15.5/bin/cmake -E cmake_link_script CMakeFiles/cmTC_b2e46.dir/link.txt --verbose=1
/usr/bin/gcc     -v -rdynamic CMakeFiles/cmTC_b2e46.dir/CMakeCCompilerABI.c.o  -o cmTC_b2e46 
Using built-in specs.
COLLECT_GCC=/usr/bin/gcc
COLLECT_LTO_WRAPPER=/usr/libexec/gcc/x86_64-redhat-linux/8/lto-wrapper
OFFLOAD_TARGET_NAMES=nvptx-none
OFFLOAD_TARGET_DEFAULT=1
Target: x86_64-redhat-linux
Configured with: ../configure --enable-bootstrap --enable-languages=c,c++,fortran,lto --prefix=/usr --mandir=/usr/share/man --infodir=/usr/share/info --with-bugurl=http://bugzilla.redhat.com/bugzilla --enable-shared --enable-threads=posix --enable-checking=release --enable-multilib --with-system-zlib --enable-__cxa_atexit --disable-libunwind-exceptions --enable-gnu-unique-object --enable-linker-build-id --with-gcc-major-version-only --with-linker-hash-style=gnu --enable-plugin --enable-initfini-array --with-isl --disable-libmpx --enable-offload-targets=nvptx-none --without-cuda-driver --enable-gnu-indirect-function --enable-cet --with-tune=generic --with-arch_32=x86-64 --build=x86_64-redhat-linux
Thread model: posix
gcc version 8.3.1 20190507 (Red Hat 8.3.1-4) (GCC) 
COMPILER_PATH=/usr/libexec/gcc/x86_64-redhat-linux/8/:/usr/libexec/gcc/x86_64-redhat-linux/8/:/usr/libexec/gcc/x86_64-redhat-linux/:/usr/lib/gcc/x86_64-redhat-linux/8/:/usr/lib/gcc/x86_64-redhat-linux/
LIBRARY_PATH=/usr/lib/gcc/x86_64-redhat-linux/8/:/usr/lib/gcc/x86_64-redhat-linux/8/../../../../lib64/:/lib/../lib64/:/usr/lib/../lib64/:./:/home/goto/local/lib/:/usr/lib/gcc/x86_64-redhat-linux/8/../../../:/lib/:/usr/lib/
COLLECT_GCC_OPTIONS='-v' '-rdynamic' '-o' 'cmTC_b2e46' '-mtune=generic' '-march=x86-64'
 /usr/libexec/gcc/x86_64-redhat-linux/8/collect2 -plugin /usr/libexec/gcc/x86_64-redhat-linux/8/liblto_plugin.so -plugin-opt=/usr/libexec/gcc/x86_64-redhat-linux/8/lto-wrapper -plugin-opt=-fresolution=/tmp/cczeViP6.res -plugin-opt=-pass-through=-lgcc -plugin-opt=-pass-through=-lgcc_s -plugin-opt=-pass-through=-lc -plugin-opt=-pass-through=-lgcc -plugin-opt=-pass-through=-lgcc_s --build-id --no-add-needed --eh-frame-hdr --hash-style=gnu -m elf_x86_64 -export-dynamic -dynamic-linker /lib64/ld-linux-x86-64.so.2 -o cmTC_b2e46 /usr/lib/gcc/x86_64-redhat-linux/8/../../../../lib64/crt1.o /usr/lib/gcc/x86_64-redhat-linux/8/../../../../lib64/crti.o /usr/lib/gcc/x86_64-redhat-linux/8/crtbegin.o -L/usr/lib/gcc/x86_64-redhat-linux/8 -L/usr/lib/gcc/x86_64-redhat-linux/8/../../../../lib64 -L/lib/../lib64 -L/usr/lib/../lib64 -L. -L/home/goto/local/lib -L/usr/lib/gcc/x86_64-redhat-linux/8/../../.. CMakeFiles/cmTC_b2e46.dir/CMakeCCompilerABI.c.o -lgcc --as-needed -lgcc_s --no-as-needed -lc -lgcc --as-needed -lgcc_s --no-as-needed /usr/lib/gcc/x86_64-redhat-linux/8/crtend.o /usr/lib/gcc/x86_64-redhat-linux/8/../../../../lib64/crtn.o
COLLECT_GCC_OPTIONS='-v' '-rdynamic' '-o' 'cmTC_b2e46' '-mtune=generic' '-march=x86-64'
gmake[1]: warning:  Clock skew detected.  Your build may be incomplete.
gmake[1]: Leaving directory '/disk/ssd01/home_ssd01/goto/ILC/LCFIPlus/build/CMakeFiles/CMakeTmp'
gmake: warning:  Clock skew detected.  Your build may be incomplete.



Parsed C implicit include dir info from above output: rv=done
  found start of include info
  found start of implicit include info
    add: [/usr/lib/gcc/x86_64-redhat-linux/8/include]
    add: [/usr/local/include]
    add: [/usr/include]
  end of search list found
  collapse include dir [/usr/lib/gcc/x86_64-redhat-linux/8/include] ==> [/usr/lib/gcc/x86_64-redhat-linux/8/include]
  collapse include dir [/usr/local/include] ==> [/usr/local/include]
  collapse include dir [/usr/include] ==> [/usr/include]
  implicit include dirs: [/usr/lib/gcc/x86_64-redhat-linux/8/include;/usr/local/include;/usr/include]


Parsed C implicit link information from above output:
  link line regex: [^( *|.*[/\])(ld|CMAKE_LINK_STARTFILE-NOTFOUND|([^/\]+-)?ld|collect2)[^/\]*( |$)]
  ignore line: [Change Dir: /home/goto/ILC/LCFIPlus/build/CMakeFiles/CMakeTmp]
  ignore line: []
  ignore line: [Run Build Command(s):/usr/bin/gmake cmTC_b2e46/fast && gmake: Warning: File 'Makefile' has modification time 0.67 s in the future]
  ignore line: [/usr/bin/gmake -f CMakeFiles/cmTC_b2e46.dir/build.make CMakeFiles/cmTC_b2e46.dir/build]
  ignore line: [gmake[1]: Entering directory '/disk/ssd01/home_ssd01/goto/ILC/LCFIPlus/build/CMakeFiles/CMakeTmp']
  ignore line: [gmake[1]: Warning: File 'CMakeFiles/cmTC_b2e46.dir/flags.make' has modification time 0.55 s in the future]
  ignore line: [Building C object CMakeFiles/cmTC_b2e46.dir/CMakeCCompilerABI.c.o]
  ignore line: [/usr/bin/gcc   -v -o CMakeFiles/cmTC_b2e46.dir/CMakeCCompilerABI.c.o   -c /gluster/data/ilc/ilcsoft/v02-02/external_packages/CMake/3.15.5/share/cmake-3.15/Modules/CMakeCCompilerABI.c]
  ignore line: [Using built-in specs.]
  ignore line: [COLLECT_GCC=/usr/bin/gcc]
  ignore line: [OFFLOAD_TARGET_NAMES=nvptx-none]
  ignore line: [OFFLOAD_TARGET_DEFAULT=1]
  ignore line: [Target: x86_64-redhat-linux]
  ignore line: [Configured with: ../configure --enable-bootstrap --enable-languages=c,c++,fortran,lto --prefix=/usr --mandir=/usr/share/man --infodir=/usr/share/info --with-bugurl=http://bugzilla.redhat.com/bugzilla --enable-shared --enable-threads=posix --enable-checking=release --enable-multilib --with-system-zlib --enable-__cxa_atexit --disable-libunwind-exceptions --enable-gnu-unique-object --enable-linker-build-id --with-gcc-major-version-only --with-linker-hash-style=gnu --enable-plugin --enable-initfini-array --with-isl --disable-libmpx --enable-offload-targets=nvptx-none --without-cuda-driver --enable-gnu-indirect-function --enable-cet --with-tune=generic --with-arch_32=x86-64 --build=x86_64-redhat-linux]
  ignore line: [Thread model: posix]
  ignore line: [gcc version 8.3.1 20190507 (Red Hat 8.3.1-4) (GCC) ]
  ignore line: [COLLECT_GCC_OPTIONS='-v' '-o' 'CMakeFiles/cmTC_b2e46.dir/CMakeCCompilerABI.c.o' '-c' '-mtune=generic' '-march=x86-64']
  ignore line: [ /usr/libexec/gcc/x86_64-redhat-linux/8/cc1 -quiet -v /gluster/data/ilc/ilcsoft/v02-02/external_packages/CMake/3.15.5/share/cmake-3.15/Modules/CMakeCCompilerABI.c -quiet -dumpbase CMakeCCompilerABI.c -mtune=generic -march=x86-64 -auxbase-strip CMakeFiles/cmTC_b2e46.dir/CMakeCCompilerABI.c.o -version -o /tmp/ccbvkWax.s]
  ignore line: [GNU C17 (GCC) version 8.3.1 20190507 (Red Hat 8.3.1-4) (x86_64-redhat-linux)]
  ignore line: [	compiled by GNU C version 8.3.1 20190507 (Red Hat 8.3.1-4), GMP version 6.1.2, MPFR version 3.1.6-p2, MPC version 1.0.2, isl version isl-0.16.1-GMP]
  ignore line: []
  ignore line: [GGC heuristics: --param ggc-min-expand=100 --param ggc-min-heapsize=131072]
  ignore line: [ignoring nonexistent directory "/usr/lib/gcc/x86_64-redhat-linux/8/include-fixed"]
  ignore line: [ignoring nonexistent directory "/usr/lib/gcc/x86_64-redhat-linux/8/../../../../x86_64-redhat-linux/include"]
  ignore line: [#include "..." search starts here:]
  ignore line: [#include <...> search starts here:]
  ignore line: [ /usr/lib/gcc/x86_64-redhat-linux/8/include]
  ignore line: [ /usr/local/include]
  ignore line: [ /usr/include]
  ignore line: [End of search list.]
  ignore line: [GNU C17 (GCC) version 8.3.1 20190507 (Red Hat 8.3.1-4) (x86_64-redhat-linux)]
  ignore line: [	compiled by GNU C version 8.3.1 20190507 (Red Hat 8.3.1-4), GMP version 6.1.2, MPFR version 3.1.6-p2, MPC version 1.0.2, isl version isl-0.16.1-GMP]
  ignore line: []
  ignore line: [GGC heuristics: --param ggc-min-expand=100 --param ggc-min-heapsize=131072]
  ignore line: [Compiler executable checksum: 6ddc69fb11f7ecd0fffa2bc5451685f7]
  ignore line: [COLLECT_GCC_OPTIONS='-v' '-o' 'CMakeFiles/cmTC_b2e46.dir/CMakeCCompilerABI.c.o' '-c' '-mtune=generic' '-march=x86-64']
  ignore line: [ as -v --64 -o CMakeFiles/cmTC_b2e46.dir/CMakeCCompilerABI.c.o /tmp/ccbvkWax.s]
  ignore line: [GNU assembler version 2.30 (x86_64-redhat-linux) using BFD version version 2.30-58.el8_1.1]
  ignore line: [COMPILER_PATH=/usr/libexec/gcc/x86_64-redhat-linux/8/:/usr/libexec/gcc/x86_64-redhat-linux/8/:/usr/libexec/gcc/x86_64-redhat-linux/:/usr/lib/gcc/x86_64-redhat-linux/8/:/usr/lib/gcc/x86_64-redhat-linux/]
  ignore line: [LIBRARY_PATH=/usr/lib/gcc/x86_64-redhat-linux/8/:/usr/lib/gcc/x86_64-redhat-linux/8/../../../../lib64/:/lib/../lib64/:/usr/lib/../lib64/:./:/home/goto/local/lib/:/usr/lib/gcc/x86_64-redhat-linux/8/../../../:/lib/:/usr/lib/]
  ignore line: [COLLECT_GCC_OPTIONS='-v' '-o' 'CMakeFiles/cmTC_b2e46.dir/CMakeCCompilerABI.c.o' '-c' '-mtune=generic' '-march=x86-64']
  ignore line: [Linking C executable cmTC_b2e46]
  ignore line: [/gluster/data/ilc/ilcsoft/v02-02/external_packages/CMake/3.15.5/bin/cmake -E cmake_link_script CMakeFiles/cmTC_b2e46.dir/link.txt --verbose=1]
  ignore line: [/usr/bin/gcc     -v -rdynamic CMakeFiles/cmTC_b2e46.dir/CMakeCCompilerABI.c.o  -o cmTC_b2e46 ]
  ignore line: [Using built-in specs.]
  ignore line: [COLLECT_GCC=/usr/bin/gcc]
  ignore line: [COLLECT_LTO_WRAPPER=/usr/libexec/gcc/x86_64-redhat-linux/8/lto-wrapper]
  ignore line: [OFFLOAD_TARGET_NAMES=nvptx-none]
  ignore line: [OFFLOAD_TARGET_DEFAULT=1]
  ignore line: [Target: x86_64-redhat-linux]
  ignore line: [Configured with: ../configure --enable-bootstrap --enable-languages=c,c++,fortran,lto --prefix=/usr --mandir=/usr/share/man --infodir=/usr/share/info --with-bugurl=http://bugzilla.redhat.com/bugzilla --enable-shared --enable-threads=posix --enable-checking=release --enable-multilib --with-system-zlib --enable-__cxa_atexit --disable-libunwind-exceptions --enable-gnu-unique-object --enable-linker-build-id --with-gcc-major-version-only --with-linker-hash-style=gnu --enable-plugin --enable-initfini-array --with-isl --disable-libmpx --enable-offload-targets=nvptx-none --without-cuda-driver --enable-gnu-indirect-function --enable-cet --with-tune=generic --with-arch_32=x86-64 --build=x86_64-redhat-linux]
  ignore line: [Thread model: posix]
  ignore line: [gcc version 8.3.1 20190507 (Red Hat 8.3.1-4) (GCC) ]
  ignore line: [COMPILER_PATH=/usr/libexec/gcc/x86_64-redhat-linux/8/:/usr/libexec/gcc/x86_64-redhat-linux/8/:/usr/libexec/gcc/x86_64-redhat-linux/:/usr/lib/gcc/x86_64-redhat-linux/8/:/usr/lib/gcc/x86_64-redhat-linux/]
  ignore line: [LIBRARY_PATH=/usr/lib/gcc/x86_64-redhat-linux/8/:/usr/lib/gcc/x86_64-redhat-linux/8/../../../../lib64/:/lib/../lib64/:/usr/lib/../lib64/:./:/home/goto/local/lib/:/usr/lib/gcc/x86_64-redhat-linux/8/../../../:/lib/:/usr/lib/]
  ignore line: [COLLECT_GCC_OPTIONS='-v' '-rdynamic' '-o' 'cmTC_b2e46' '-mtune=generic' '-march=x86-64']
  link line: [ /usr/libexec/gcc/x86_64-redhat-linux/8/collect2 -plugin /usr/libexec/gcc/x86_64-redhat-linux/8/liblto_plugin.so -plugin-opt=/usr/libexec/gcc/x86_64-redhat-linux/8/lto-wrapper -plugin-opt=-fresolution=/tmp/cczeViP6.res -plugin-opt=-pass-through=-lgcc -plugin-opt=-pass-through=-lgcc_s -plugin-opt=-pass-through=-lc -plugin-opt=-pass-through=-lgcc -plugin-opt=-pass-through=-lgcc_s --build-id --no-add-needed --eh-frame-hdr --hash-style=gnu -m elf_x86_64 -export-dynamic -dynamic-linker /lib64/ld-linux-x86-64.so.2 -o cmTC_b2e46 /usr/lib/gcc/x86_64-redhat-linux/8/../../../../lib64/crt1.o /usr/lib/gcc/x86_64-redhat-linux/8/../../../../lib64/crti.o /usr/lib/gcc/x86_64-redhat-linux/8/crtbegin.o -L/usr/lib/gcc/x86_64-redhat-linux/8 -L/usr/lib/gcc/x86_64-redhat-linux/8/../../../../lib64 -L/lib/../lib64 -L/usr/lib/../lib64 -L. -L/home/goto/local/lib -L/usr/lib/gcc/x86_64-redhat-linux/8/../../.. CMakeFiles/cmTC_b2e46.dir/CMakeCCompilerABI.c.o -lgcc --as-needed -lgcc_s --no-as-needed -lc -lgcc --as-needed -lgcc_s --no-as-needed /usr/lib/gcc/x86_64-redhat-linux/8/crtend.o /usr/lib/gcc/x86_64-redhat-linux/8/../../../../lib64/crtn.o]
    arg [/usr/libexec/gcc/x86_64-redhat-linux/8/collect2] ==> ignore
    arg [-plugin] ==> ignore
    arg [/usr/libexec/gcc/x86_64-redhat-linux/8/liblto_plugin.so] ==> ignore
    arg [-plugin-opt=/usr/libexec/gcc/x86_64-redhat-linux/8/lto-wrapper] ==> ignore
    arg [-plugin-opt=-fresolution=/tmp/cczeViP6.res] ==> ignore
    arg [-plugin-opt=-pass-through=-lgcc] ==> ignore
    arg [-plugin-opt=-pass-through=-lgcc_s] ==> ignore
    arg [-plugin-opt=-pass-through=-lc] ==> ignore
    arg [-plugin-opt=-pass-through=-lgcc] ==> ignore
    arg [-plugin-opt=-pass-through=-lgcc_s] ==> ignore
    arg [--build-id] ==> ignore
    arg [--no-add-needed] ==> ignore
    arg [--eh-frame-hdr] ==> ignore
    arg [--hash-style=gnu] ==> ignore
    arg [-m] ==> ignore
    arg [elf_x86_64] ==> ignore
    arg [-export-dynamic] ==> ignore
    arg [-dynamic-linker] ==> ignore
    arg [/lib64/ld-linux-x86-64.so.2] ==> ignore
    arg [-o] ==> ignore
    arg [cmTC_b2e46] ==> ignore
    arg [/usr/lib/gcc/x86_64-redhat-linux/8/../../../../lib64/crt1.o] ==> ignore
    arg [/usr/lib/gcc/x86_64-redhat-linux/8/../../../../lib64/crti.o] ==> ignore
    arg [/usr/lib/gcc/x86_64-redhat-linux/8/crtbegin.o] ==> ignore
    arg [-L/usr/lib/gcc/x86_64-redhat-linux/8] ==> dir [/usr/lib/gcc/x86_64-redhat-linux/8]
    arg [-L/usr/lib/gcc/x86_64-redhat-linux/8/../../../../lib64] ==> dir [/usr/lib/gcc/x86_64-redhat-linux/8/../../../../lib64]
    arg [-L/lib/../lib64] ==> dir [/lib/../lib64]
    arg [-L/usr/lib/../lib64] ==> dir [/usr/lib/../lib64]
    arg [-L.] ==> ignore
    arg [-L/home/goto/local/lib] ==> dir [/home/goto/local/lib]
    arg [-L/usr/lib/gcc/x86_64-redhat-linux/8/../../..] ==> dir [/usr/lib/gcc/x86_64-redhat-linux/8/../../..]
    arg [CMakeFiles/cmTC_b2e46.dir/CMakeCCompilerABI.c.o] ==> ignore
    arg [-lgcc] ==> lib [gcc]
    arg [--as-needed] ==> ignore
    arg [-lgcc_s] ==> lib [gcc_s]
    arg [--no-as-needed] ==> ignore
    arg [-lc] ==> lib [c]
    arg [-lgcc] ==> lib [gcc]
    arg [--as-needed] ==> ignore
    arg [-lgcc_s] ==> lib [gcc_s]
    arg [--no-as-needed] ==> ignore
    arg [/usr/lib/gcc/x86_64-redhat-linux/8/crtend.o] ==> ignore
    arg [/usr/lib/gcc/x86_64-redhat-linux/8/../../../../lib64/crtn.o] ==> ignore
  collapse library dir [/usr/lib/gcc/x86_64-redhat-linux/8] ==> [/usr/lib/gcc/x86_64-redhat-linux/8]
  collapse library dir [/usr/lib/gcc/x86_64-redhat-linux/8/../../../../lib64] ==> [/usr/lib64]
  collapse library dir [/lib/../lib64] ==> [/lib64]
  collapse library dir [/usr/lib/../lib64] ==> [/usr/lib64]
  collapse library dir [/home/goto/local/lib] ==> [/home/goto/local/lib]
  collapse library dir [/usr/lib/gcc/x86_64-redhat-linux/8/../../..] ==> [/usr/lib]
  implicit libs: [gcc;gcc_s;c;gcc;gcc_s]
  implicit dirs: [/usr/lib/gcc/x86_64-redhat-linux/8;/usr/lib64;/lib64;/home/goto/local/lib;/usr/lib]
  implicit fwks: []


Determining if the CXX compiler works passed with the following output:
Change Dir: /home/goto/ILC/LCFIPlus/build/CMakeFiles/CMakeTmp

Run Build Command(s):/usr/bin/gmake cmTC_4b1a8/fast && gmake: 警告: ファイル 'Makefile' の修正時刻 0.6 は未来の時刻です
/usr/bin/gmake -f CMakeFiles/cmTC_4b1a8.dir/build.make CMakeFiles/cmTC_4b1a8.dir/build
gmake[1]: ディレクトリ '/disk/ssd01/home_ssd01/goto/ILC/LCFIPlus/build/CMakeFiles/CMakeTmp' に入ります
gmake[1]: 警告: ファイル 'CMakeFiles/cmTC_4b1a8.dir/flags.make' の修正時刻 0.47 は未来の時刻です
Building CXX object CMakeFiles/cmTC_4b1a8.dir/testCXXCompiler.cxx.o
/usr/bin/g++     -o CMakeFiles/cmTC_4b1a8.dir/testCXXCompiler.cxx.o -c /home/goto/ILC/LCFIPlus/build/CMakeFiles/CMakeTmp/testCXXCompiler.cxx
Linking CXX executable cmTC_4b1a8
/gluster/data/ilc/ilcsoft/v02-02/external_packages/CMake/3.15.5/bin/cmake -E cmake_link_script CMakeFiles/cmTC_4b1a8.dir/link.txt --verbose=1
/usr/bin/g++       -rdynamic CMakeFiles/cmTC_4b1a8.dir/testCXXCompiler.cxx.o  -o cmTC_4b1a8 
gmake[1]: 警告:  時刻のずれを検出. 不完全なビルド結果になるかもしれません.
gmake[1]: ディレクトリ '/disk/ssd01/home_ssd01/goto/ILC/LCFIPlus/build/CMakeFiles/CMakeTmp' から出ます
gmake: 警告:  時刻のずれを検出. 不完全なビルド結果になるかもしれません.



Detecting CXX compiler ABI info compiled with the following output:
Change Dir: /home/goto/ILC/LCFIPlus/build/CMakeFiles/CMakeTmp

Run Build Command(s):/usr/bin/gmake cmTC_f3017/fast && gmake: Warning: File 'Makefile' has modification time 0.69 s in the future
/usr/bin/gmake -f CMakeFiles/cmTC_f3017.dir/build.make CMakeFiles/cmTC_f3017.dir/build
gmake[1]: Entering directory '/disk/ssd01/home_ssd01/goto/ILC/LCFIPlus/build/CMakeFiles/CMakeTmp'
gmake[1]: Warning: File 'CMakeFiles/cmTC_f3017.dir/flags.make' has modification time 0.46 s in the future
Building CXX object CMakeFiles/cmTC_f3017.dir/CMakeCXXCompilerABI.cpp.o
/usr/bin/g++    -v -o CMakeFiles/cmTC_f3017.dir/CMakeCXXCompilerABI.cpp.o -c /gluster/data/ilc/ilcsoft/v02-02/external_packages/CMake/3.15.5/share/cmake-3.15/Modules/CMakeCXXCompilerABI.cpp
Using built-in specs.
COLLECT_GCC=/usr/bin/g++
OFFLOAD_TARGET_NAMES=nvptx-none
OFFLOAD_TARGET_DEFAULT=1
Target: x86_64-redhat-linux
Configured with: ../configure --enable-bootstrap --enable-languages=c,c++,fortran,lto --prefix=/usr --mandir=/usr/share/man --infodir=/usr/share/info --with-bugurl=http://bugzilla.redhat.com/bugzilla --enable-shared --enable-threads=posix --enable-checking=release --enable-multilib --with-system-zlib --enable-__cxa_atexit --disable-libunwind-exceptions --enable-gnu-unique-object --enable-linker-build-id --with-gcc-major-version-only --with-linker-hash-style=gnu --enable-plugin --enable-initfini-array --with-isl --disable-libmpx --enable-offload-targets=nvptx-none --without-cuda-driver --enable-gnu-indirect-function --enable-cet --with-tune=generic --with-arch_32=x86-64 --build=x86_64-redhat-linux
Thread model: posix
gcc version 8.3.1 20190507 (Red Hat 8.3.1-4) (GCC) 
COLLECT_GCC_OPTIONS='-v' '-o' 'CMakeFiles/cmTC_f3017.dir/CMakeCXXCompilerABI.cpp.o' '-c' '-shared-libgcc' '-mtune=generic' '-march=x86-64'
 /usr/libexec/gcc/x86_64-redhat-linux/8/cc1plus -quiet -v -D_GNU_SOURCE /gluster/data/ilc/ilcsoft/v02-02/external_packages/CMake/3.15.5/share/cmake-3.15/Modules/CMakeCXXCompilerABI.cpp -quiet -dumpbase CMakeCXXCompilerABI.cpp -mtune=generic -march=x86-64 -auxbase-strip CMakeFiles/cmTC_f3017.dir/CMakeCXXCompilerABI.cpp.o -version -o /tmp/ccDrWmgk.s
GNU C++14 (GCC) version 8.3.1 20190507 (Red Hat 8.3.1-4) (x86_64-redhat-linux)
	compiled by GNU C version 8.3.1 20190507 (Red Hat 8.3.1-4), GMP version 6.1.2, MPFR version 3.1.6-p2, MPC version 1.0.2, isl version isl-0.16.1-GMP

GGC heuristics: --param ggc-min-expand=100 --param ggc-min-heapsize=131072
ignoring nonexistent directory "/usr/lib/gcc/x86_64-redhat-linux/8/include-fixed"
ignoring nonexistent directory "/usr/lib/gcc/x86_64-redhat-linux/8/../../../../x86_64-redhat-linux/include"
#include "..." search starts here:
#include <...> search starts here:
 /usr/lib/gcc/x86_64-redhat-linux/8/../../../../include/c++/8
 /usr/lib/gcc/x86_64-redhat-linux/8/../../../../include/c++/8/x86_64-redhat-linux
 /usr/lib/gcc/x86_64-redhat-linux/8/../../../../include/c++/8/backward
 /usr/lib/gcc/x86_64-redhat-linux/8/include
 /usr/local/include
 /usr/include
End of search list.
GNU C++14 (GCC) version 8.3.1 20190507 (Red Hat 8.3.1-4) (x86_64-redhat-linux)
	compiled by GNU C version 8.3.1 20190507 (Red Hat 8.3.1-4), GMP version 6.1.2, MPFR version 3.1.6-p2, MPC version 1.0.2, isl version isl-0.16.1-GMP

GGC heuristics: --param ggc-min-expand=100 --param ggc-min-heapsize=131072
Compiler executable checksum: 97a85cef05fd1fc4e3b4ec79ee60f113
COLLECT_GCC_OPTIONS='-v' '-o' 'CMakeFiles/cmTC_f3017.dir/CMakeCXXCompilerABI.cpp.o' '-c' '-shared-libgcc' '-mtune=generic' '-march=x86-64'
 as -v --64 -o CMakeFiles/cmTC_f3017.dir/CMakeCXXCompilerABI.cpp.o /tmp/ccDrWmgk.s
GNU assembler version 2.30 (x86_64-redhat-linux) using BFD version version 2.30-58.el8_1.1
COMPILER_PATH=/usr/libexec/gcc/x86_64-redhat-linux/8/:/usr/libexec/gcc/x86_64-redhat-linux/8/:/usr/libexec/gcc/x86_64-redhat-linux/:/usr/lib/gcc/x86_64-redhat-linux/8/:/usr/lib/gcc/x86_64-redhat-linux/
LIBRARY_PATH=/usr/lib/gcc/x86_64-redhat-linux/8/:/usr/lib/gcc/x86_64-redhat-linux/8/../../../../lib64/:/lib/../lib64/:/usr/lib/../lib64/:./:/home/goto/local/lib/:/usr/lib/gcc/x86_64-redhat-linux/8/../../../:/lib/:/usr/lib/
COLLECT_GCC_OPTIONS='-v' '-o' 'CMakeFiles/cmTC_f3017.dir/CMakeCXXCompilerABI.cpp.o' '-c' '-shared-libgcc' '-mtune=generic' '-march=x86-64'
Linking CXX executable cmTC_f3017
/gluster/data/ilc/ilcsoft/v02-02/external_packages/CMake/3.15.5/bin/cmake -E cmake_link_script CMakeFiles/cmTC_f3017.dir/link.txt --verbose=1
/usr/bin/g++      -v -rdynamic CMakeFiles/cmTC_f3017.dir/CMakeCXXCompilerABI.cpp.o  -o cmTC_f3017 
Using built-in specs.
COLLECT_GCC=/usr/bin/g++
COLLECT_LTO_WRAPPER=/usr/libexec/gcc/x86_64-redhat-linux/8/lto-wrapper
OFFLOAD_TARGET_NAMES=nvptx-none
OFFLOAD_TARGET_DEFAULT=1
Target: x86_64-redhat-linux
Configured with: ../configure --enable-bootstrap --enable-languages=c,c++,fortran,lto --prefix=/usr --mandir=/usr/share/man --infodir=/usr/share/info --with-bugurl=http://bugzilla.redhat.com/bugzilla --enable-shared --enable-threads=posix --enable-checking=release --enable-multilib --with-system-zlib --enable-__cxa_atexit --disable-libunwind-exceptions --enable-gnu-unique-object --enable-linker-build-id --with-gcc-major-version-only --with-linker-hash-style=gnu --enable-plugin --enable-initfini-array --with-isl --disable-libmpx --enable-offload-targets=nvptx-none --without-cuda-driver --enable-gnu-indirect-function --enable-cet --with-tune=generic --with-arch_32=x86-64 --build=x86_64-redhat-linux
Thread model: posix
gcc version 8.3.1 20190507 (Red Hat 8.3.1-4) (GCC) 
COMPILER_PATH=/usr/libexec/gcc/x86_64-redhat-linux/8/:/usr/libexec/gcc/x86_64-redhat-linux/8/:/usr/libexec/gcc/x86_64-redhat-linux/:/usr/lib/gcc/x86_64-redhat-linux/8/:/usr/lib/gcc/x86_64-redhat-linux/
LIBRARY_PATH=/usr/lib/gcc/x86_64-redhat-linux/8/:/usr/lib/gcc/x86_64-redhat-linux/8/../../../../lib64/:/lib/../lib64/:/usr/lib/../lib64/:./:/home/goto/local/lib/:/usr/lib/gcc/x86_64-redhat-linux/8/../../../:/lib/:/usr/lib/
COLLECT_GCC_OPTIONS='-v' '-rdynamic' '-o' 'cmTC_f3017' '-shared-libgcc' '-mtune=generic' '-march=x86-64'
 /usr/libexec/gcc/x86_64-redhat-linux/8/collect2 -plugin /usr/libexec/gcc/x86_64-redhat-linux/8/liblto_plugin.so -plugin-opt=/usr/libexec/gcc/x86_64-redhat-linux/8/lto-wrapper -plugin-opt=-fresolution=/tmp/ccg4LbEc.res -plugin-opt=-pass-through=-lgcc_s -plugin-opt=-pass-through=-lgcc -plugin-opt=-pass-through=-lc -plugin-opt=-pass-through=-lgcc_s -plugin-opt=-pass-through=-lgcc --build-id --no-add-needed --eh-frame-hdr --hash-style=gnu -m elf_x86_64 -export-dynamic -dynamic-linker /lib64/ld-linux-x86-64.so.2 -o cmTC_f3017 /usr/lib/gcc/x86_64-redhat-linux/8/../../../../lib64/crt1.o /usr/lib/gcc/x86_64-redhat-linux/8/../../../../lib64/crti.o /usr/lib/gcc/x86_64-redhat-linux/8/crtbegin.o -L/usr/lib/gcc/x86_64-redhat-linux/8 -L/usr/lib/gcc/x86_64-redhat-linux/8/../../../../lib64 -L/lib/../lib64 -L/usr/lib/../lib64 -L. -L/home/goto/local/lib -L/usr/lib/gcc/x86_64-redhat-linux/8/../../.. CMakeFiles/cmTC_f3017.dir/CMakeCXXCompilerABI.cpp.o -lstdc++ -lm -lgcc_s -lgcc -lc -lgcc_s -lgcc /usr/lib/gcc/x86_64-redhat-linux/8/crtend.o /usr/lib/gcc/x86_64-redhat-linux/8/../../../../lib64/crtn.o
COLLECT_GCC_OPTIONS='-v' '-rdynamic' '-o' 'cmTC_f3017' '-shared-libgcc' '-mtune=generic' '-march=x86-64'
gmake[1]: warning:  Clock skew detected.  Your build may be incomplete.
gmake[1]: Leaving directory '/disk/ssd01/home_ssd01/goto/ILC/LCFIPlus/build/CMakeFiles/CMakeTmp'
gmake: warning:  Clock skew detected.  Your build may be incomplete.



Parsed CXX implicit include dir info from above output: rv=done
  found start of include info
  found start of implicit include info
    add: [/usr/lib/gcc/x86_64-redhat-linux/8/../../../../include/c++/8]
    add: [/usr/lib/gcc/x86_64-redhat-linux/8/../../../../include/c++/8/x86_64-redhat-linux]
    add: [/usr/lib/gcc/x86_64-redhat-linux/8/../../../../include/c++/8/backward]
    add: [/usr/lib/gcc/x86_64-redhat-linux/8/include]
    add: [/usr/local/include]
    add: [/usr/include]
  end of search list found
  collapse include dir [/usr/lib/gcc/x86_64-redhat-linux/8/../../../../include/c++/8] ==> [/usr/include/c++/8]
  collapse include dir [/usr/lib/gcc/x86_64-redhat-linux/8/../../../../include/c++/8/x86_64-redhat-linux] ==> [/usr/include/c++/8/x86_64-redhat-linux]
  collapse include dir [/usr/lib/gcc/x86_64-redhat-linux/8/../../../../include/c++/8/backward] ==> [/usr/include/c++/8/backward]
  collapse include dir [/usr/lib/gcc/x86_64-redhat-linux/8/include] ==> [/usr/lib/gcc/x86_64-redhat-linux/8/include]
  collapse include dir [/usr/local/include] ==> [/usr/local/include]
  collapse include dir [/usr/include] ==> [/usr/include]
  implicit include dirs: [/usr/include/c++/8;/usr/include/c++/8/x86_64-redhat-linux;/usr/include/c++/8/backward;/usr/lib/gcc/x86_64-redhat-linux/8/include;/usr/local/include;/usr/include]


Parsed CXX implicit link information from above output:
  link line regex: [^( *|.*[/\])(ld|CMAKE_LINK_STARTFILE-NOTFOUND|([^/\]+-)?ld|collect2)[^/\]*( |$)]
  ignore line: [Change Dir: /home/goto/ILC/LCFIPlus/build/CMakeFiles/CMakeTmp]
  ignore line: []
  ignore line: [Run Build Command(s):/usr/bin/gmake cmTC_f3017/fast && gmake: Warning: File 'Makefile' has modification time 0.69 s in the future]
  ignore line: [/usr/bin/gmake -f CMakeFiles/cmTC_f3017.dir/build.make CMakeFiles/cmTC_f3017.dir/build]
  ignore line: [gmake[1]: Entering directory '/disk/ssd01/home_ssd01/goto/ILC/LCFIPlus/build/CMakeFiles/CMakeTmp']
  ignore line: [gmake[1]: Warning: File 'CMakeFiles/cmTC_f3017.dir/flags.make' has modification time 0.46 s in the future]
  ignore line: [Building CXX object CMakeFiles/cmTC_f3017.dir/CMakeCXXCompilerABI.cpp.o]
  ignore line: [/usr/bin/g++    -v -o CMakeFiles/cmTC_f3017.dir/CMakeCXXCompilerABI.cpp.o -c /gluster/data/ilc/ilcsoft/v02-02/external_packages/CMake/3.15.5/share/cmake-3.15/Modules/CMakeCXXCompilerABI.cpp]
  ignore line: [Using built-in specs.]
  ignore line: [COLLECT_GCC=/usr/bin/g++]
  ignore line: [OFFLOAD_TARGET_NAMES=nvptx-none]
  ignore line: [OFFLOAD_TARGET_DEFAULT=1]
  ignore line: [Target: x86_64-redhat-linux]
  ignore line: [Configured with: ../configure --enable-bootstrap --enable-languages=c,c++,fortran,lto --prefix=/usr --mandir=/usr/share/man --infodir=/usr/share/info --with-bugurl=http://bugzilla.redhat.com/bugzilla --enable-shared --enable-threads=posix --enable-checking=release --enable-multilib --with-system-zlib --enable-__cxa_atexit --disable-libunwind-exceptions --enable-gnu-unique-object --enable-linker-build-id --with-gcc-major-version-only --with-linker-hash-style=gnu --enable-plugin --enable-initfini-array --with-isl --disable-libmpx --enable-offload-targets=nvptx-none --without-cuda-driver --enable-gnu-indirect-function --enable-cet --with-tune=generic --with-arch_32=x86-64 --build=x86_64-redhat-linux]
  ignore line: [Thread model: posix]
  ignore line: [gcc version 8.3.1 20190507 (Red Hat 8.3.1-4) (GCC) ]
  ignore line: [COLLECT_GCC_OPTIONS='-v' '-o' 'CMakeFiles/cmTC_f3017.dir/CMakeCXXCompilerABI.cpp.o' '-c' '-shared-libgcc' '-mtune=generic' '-march=x86-64']
  ignore line: [ /usr/libexec/gcc/x86_64-redhat-linux/8/cc1plus -quiet -v -D_GNU_SOURCE /gluster/data/ilc/ilcsoft/v02-02/external_packages/CMake/3.15.5/share/cmake-3.15/Modules/CMakeCXXCompilerABI.cpp -quiet -dumpbase CMakeCXXCompilerABI.cpp -mtune=generic -march=x86-64 -auxbase-strip CMakeFiles/cmTC_f3017.dir/CMakeCXXCompilerABI.cpp.o -version -o /tmp/ccDrWmgk.s]
  ignore line: [GNU C++14 (GCC) version 8.3.1 20190507 (Red Hat 8.3.1-4) (x86_64-redhat-linux)]
  ignore line: [	compiled by GNU C version 8.3.1 20190507 (Red Hat 8.3.1-4), GMP version 6.1.2, MPFR version 3.1.6-p2, MPC version 1.0.2, isl version isl-0.16.1-GMP]
  ignore line: []
  ignore line: [GGC heuristics: --param ggc-min-expand=100 --param ggc-min-heapsize=131072]
  ignore line: [ignoring nonexistent directory "/usr/lib/gcc/x86_64-redhat-linux/8/include-fixed"]
  ignore line: [ignoring nonexistent directory "/usr/lib/gcc/x86_64-redhat-linux/8/../../../../x86_64-redhat-linux/include"]
  ignore line: [#include "..." search starts here:]
  ignore line: [#include <...> search starts here:]
  ignore line: [ /usr/lib/gcc/x86_64-redhat-linux/8/../../../../include/c++/8]
  ignore line: [ /usr/lib/gcc/x86_64-redhat-linux/8/../../../../include/c++/8/x86_64-redhat-linux]
  ignore line: [ /usr/lib/gcc/x86_64-redhat-linux/8/../../../../include/c++/8/backward]
  ignore line: [ /usr/lib/gcc/x86_64-redhat-linux/8/include]
  ignore line: [ /usr/local/include]
  ignore line: [ /usr/include]
  ignore line: [End of search list.]
  ignore line: [GNU C++14 (GCC) version 8.3.1 20190507 (Red Hat 8.3.1-4) (x86_64-redhat-linux)]
  ignore line: [	compiled by GNU C version 8.3.1 20190507 (Red Hat 8.3.1-4), GMP version 6.1.2, MPFR version 3.1.6-p2, MPC version 1.0.2, isl version isl-0.16.1-GMP]
  ignore line: []
  ignore line: [GGC heuristics: --param ggc-min-expand=100 --param ggc-min-heapsize=131072]
  ignore line: [Compiler executable checksum: 97a85cef05fd1fc4e3b4ec79ee60f113]
  ignore line: [COLLECT_GCC_OPTIONS='-v' '-o' 'CMakeFiles/cmTC_f3017.dir/CMakeCXXCompilerABI.cpp.o' '-c' '-shared-libgcc' '-mtune=generic' '-march=x86-64']
  ignore line: [ as -v --64 -o CMakeFiles/cmTC_f3017.dir/CMakeCXXCompilerABI.cpp.o /tmp/ccDrWmgk.s]
  ignore line: [GNU assembler version 2.30 (x86_64-redhat-linux) using BFD version version 2.30-58.el8_1.1]
  ignore line: [COMPILER_PATH=/usr/libexec/gcc/x86_64-redhat-linux/8/:/usr/libexec/gcc/x86_64-redhat-linux/8/:/usr/libexec/gcc/x86_64-redhat-linux/:/usr/lib/gcc/x86_64-redhat-linux/8/:/usr/lib/gcc/x86_64-redhat-linux/]
  ignore line: [LIBRARY_PATH=/usr/lib/gcc/x86_64-redhat-linux/8/:/usr/lib/gcc/x86_64-redhat-linux/8/../../../../lib64/:/lib/../lib64/:/usr/lib/../lib64/:./:/home/goto/local/lib/:/usr/lib/gcc/x86_64-redhat-linux/8/../../../:/lib/:/usr/lib/]
  ignore line: [COLLECT_GCC_OPTIONS='-v' '-o' 'CMakeFiles/cmTC_f3017.dir/CMakeCXXCompilerABI.cpp.o' '-c' '-shared-libgcc' '-mtune=generic' '-march=x86-64']
  ignore line: [Linking CXX executable cmTC_f3017]
  ignore line: [/gluster/data/ilc/ilcsoft/v02-02/external_packages/CMake/3.15.5/bin/cmake -E cmake_link_script CMakeFiles/cmTC_f3017.dir/link.txt --verbose=1]
  ignore line: [/usr/bin/g++      -v -rdynamic CMakeFiles/cmTC_f3017.dir/CMakeCXXCompilerABI.cpp.o  -o cmTC_f3017 ]
  ignore line: [Using built-in specs.]
  ignore line: [COLLECT_GCC=/usr/bin/g++]
  ignore line: [COLLECT_LTO_WRAPPER=/usr/libexec/gcc/x86_64-redhat-linux/8/lto-wrapper]
  ignore line: [OFFLOAD_TARGET_NAMES=nvptx-none]
  ignore line: [OFFLOAD_TARGET_DEFAULT=1]
  ignore line: [Target: x86_64-redhat-linux]
  ignore line: [Configured with: ../configure --enable-bootstrap --enable-languages=c,c++,fortran,lto --prefix=/usr --mandir=/usr/share/man --infodir=/usr/share/info --with-bugurl=http://bugzilla.redhat.com/bugzilla --enable-shared --enable-threads=posix --enable-checking=release --enable-multilib --with-system-zlib --enable-__cxa_atexit --disable-libunwind-exceptions --enable-gnu-unique-object --enable-linker-build-id --with-gcc-major-version-only --with-linker-hash-style=gnu --enable-plugin --enable-initfini-array --with-isl --disable-libmpx --enable-offload-targets=nvptx-none --without-cuda-driver --enable-gnu-indirect-function --enable-cet --with-tune=generic --with-arch_32=x86-64 --build=x86_64-redhat-linux]
  ignore line: [Thread model: posix]
  ignore line: [gcc version 8.3.1 20190507 (Red Hat 8.3.1-4) (GCC) ]
  ignore line: [COMPILER_PATH=/usr/libexec/gcc/x86_64-redhat-linux/8/:/usr/libexec/gcc/x86_64-redhat-linux/8/:/usr/libexec/gcc/x86_64-redhat-linux/:/usr/lib/gcc/x86_64-redhat-linux/8/:/usr/lib/gcc/x86_64-redhat-linux/]
  ignore line: [LIBRARY_PATH=/usr/lib/gcc/x86_64-redhat-linux/8/:/usr/lib/gcc/x86_64-redhat-linux/8/../../../../lib64/:/lib/../lib64/:/usr/lib/../lib64/:./:/home/goto/local/lib/:/usr/lib/gcc/x86_64-redhat-linux/8/../../../:/lib/:/usr/lib/]
  ignore line: [COLLECT_GCC_OPTIONS='-v' '-rdynamic' '-o' 'cmTC_f3017' '-shared-libgcc' '-mtune=generic' '-march=x86-64']
  link line: [ /usr/libexec/gcc/x86_64-redhat-linux/8/collect2 -plugin /usr/libexec/gcc/x86_64-redhat-linux/8/liblto_plugin.so -plugin-opt=/usr/libexec/gcc/x86_64-redhat-linux/8/lto-wrapper -plugin-opt=-fresolution=/tmp/ccg4LbEc.res -plugin-opt=-pass-through=-lgcc_s -plugin-opt=-pass-through=-lgcc -plugin-opt=-pass-through=-lc -plugin-opt=-pass-through=-lgcc_s -plugin-opt=-pass-through=-lgcc --build-id --no-add-needed --eh-frame-hdr --hash-style=gnu -m elf_x86_64 -export-dynamic -dynamic-linker /lib64/ld-linux-x86-64.so.2 -o cmTC_f3017 /usr/lib/gcc/x86_64-redhat-linux/8/../../../../lib64/crt1.o /usr/lib/gcc/x86_64-redhat-linux/8/../../../../lib64/crti.o /usr/lib/gcc/x86_64-redhat-linux/8/crtbegin.o -L/usr/lib/gcc/x86_64-redhat-linux/8 -L/usr/lib/gcc/x86_64-redhat-linux/8/../../../../lib64 -L/lib/../lib64 -L/usr/lib/../lib64 -L. -L/home/goto/local/lib -L/usr/lib/gcc/x86_64-redhat-linux/8/../../.. CMakeFiles/cmTC_f3017.dir/CMakeCXXCompilerABI.cpp.o -lstdc++ -lm -lgcc_s -lgcc -lc -lgcc_s -lgcc /usr/lib/gcc/x86_64-redhat-linux/8/crtend.o /usr/lib/gcc/x86_64-redhat-linux/8/../../../../lib64/crtn.o]
    arg [/usr/libexec/gcc/x86_64-redhat-linux/8/collect2] ==> ignore
    arg [-plugin] ==> ignore
    arg [/usr/libexec/gcc/x86_64-redhat-linux/8/liblto_plugin.so] ==> ignore
    arg [-plugin-opt=/usr/libexec/gcc/x86_64-redhat-linux/8/lto-wrapper] ==> ignore
    arg [-plugin-opt=-fresolution=/tmp/ccg4LbEc.res] ==> ignore
    arg [-plugin-opt=-pass-through=-lgcc_s] ==> ignore
    arg [-plugin-opt=-pass-through=-lgcc] ==> ignore
    arg [-plugin-opt=-pass-through=-lc] ==> ignore
    arg [-plugin-opt=-pass-through=-lgcc_s] ==> ignore
    arg [-plugin-opt=-pass-through=-lgcc] ==> ignore
    arg [--build-id] ==> ignore
    arg [--no-add-needed] ==> ignore
    arg [--eh-frame-hdr] ==> ignore
    arg [--hash-style=gnu] ==> ignore
    arg [-m] ==> ignore
    arg [elf_x86_64] ==> ignore
    arg [-export-dynamic] ==> ignore
    arg [-dynamic-linker] ==> ignore
    arg [/lib64/ld-linux-x86-64.so.2] ==> ignore
    arg [-o] ==> ignore
    arg [cmTC_f3017] ==> ignore
    arg [/usr/lib/gcc/x86_64-redhat-linux/8/../../../../lib64/crt1.o] ==> ignore
    arg [/usr/lib/gcc/x86_64-redhat-linux/8/../../../../lib64/crti.o] ==> ignore
    arg [/usr/lib/gcc/x86_64-redhat-linux/8/crtbegin.o] ==> ignore
    arg [-L/usr/lib/gcc/x86_64-redhat-linux/8] ==> dir [/usr/lib/gcc/x86_64-redhat-linux/8]
    arg [-L/usr/lib/gcc/x86_64-redhat-linux/8/../../../../lib64] ==> dir [/usr/lib/gcc/x86_64-redhat-linux/8/../../../../lib64]
    arg [-L/lib/../lib64] ==> dir [/lib/../lib64]
    arg [-L/usr/lib/../lib64] ==> dir [/usr/lib/../lib64]
    arg [-L.] ==> ignore
    arg [-L/home/goto/local/lib] ==> dir [/home/goto/local/lib]
    arg [-L/usr/lib/gcc/x86_64-redhat-linux/8/../../..] ==> dir [/usr/lib/gcc/x86_64-redhat-linux/8/../../..]
    arg [CMakeFiles/cmTC_f3017.dir/CMakeCXXCompilerABI.cpp.o] ==> ignore
    arg [-lstdc++] ==> lib [stdc++]
    arg [-lm] ==> lib [m]
    arg [-lgcc_s] ==> lib [gcc_s]
    arg [-lgcc] ==> lib [gcc]
    arg [-lc] ==> lib [c]
    arg [-lgcc_s] ==> lib [gcc_s]
    arg [-lgcc] ==> lib [gcc]
    arg [/usr/lib/gcc/x86_64-redhat-linux/8/crtend.o] ==> ignore
    arg [/usr/lib/gcc/x86_64-redhat-linux/8/../../../../lib64/crtn.o] ==> ignore
  collapse library dir [/usr/lib/gcc/x86_64-redhat-linux/8] ==> [/usr/lib/gcc/x86_64-redhat-linux/8]
  collapse library dir [/usr/lib/gcc/x86_64-redhat-linux/8/../../../../lib64] ==> [/usr/lib64]
  collapse library dir [/lib/../lib64] ==> [/lib64]
  collapse library dir [/usr/lib/../lib64] ==> [/usr/lib64]
  collapse library dir [/home/goto/local/lib] ==> [/home/goto/local/lib]
  collapse library dir [/usr/lib/gcc/x86_64-redhat-linux/8/../../..] ==> [/usr/lib]
  implicit libs: [stdc++;m;gcc_s;gcc;c;gcc_s;gcc]
  implicit dirs: [/usr/lib/gcc/x86_64-redhat-linux/8;/usr/lib64;/lib64;/home/goto/local/lib;/usr/lib]
  implicit fwks: []


Performing C++ SOURCE FILE Test CXX_FLAG_WORKS__Wall succeeded with the following output:
Change Dir: /home/goto/ILC/LCFIPlus/build/CMakeFiles/CMakeTmp

Run Build Command(s):/usr/bin/gmake cmTC_19870/fast && gmake: Warning: File 'Makefile' has modification time 0.58 s in the future
/usr/bin/gmake -f CMakeFiles/cmTC_19870.dir/build.make CMakeFiles/cmTC_19870.dir/build
gmake[1]: Entering directory '/disk/ssd01/home_ssd01/goto/ILC/LCFIPlus/build/CMakeFiles/CMakeTmp'
gmake[1]: Warning: File 'CMakeFiles/cmTC_19870.dir/flags.make' has modification time 0.32 s in the future
Building CXX object CMakeFiles/cmTC_19870.dir/src.cxx.o
/usr/bin/g++    -DCXX_FLAG_WORKS__Wall   -Wall -o CMakeFiles/cmTC_19870.dir/src.cxx.o -c /home/goto/ILC/LCFIPlus/build/CMakeFiles/CMakeTmp/src.cxx
Linking CXX executable cmTC_19870
/gluster/data/ilc/ilcsoft/v02-02/external_packages/CMake/3.15.5/bin/cmake -E cmake_link_script CMakeFiles/cmTC_19870.dir/link.txt --verbose=1
/usr/bin/g++   -DCXX_FLAG_WORKS__Wall    -rdynamic CMakeFiles/cmTC_19870.dir/src.cxx.o  -o cmTC_19870 
gmake[1]: warning:  Clock skew detected.  Your build may be incomplete.
gmake[1]: Leaving directory '/disk/ssd01/home_ssd01/goto/ILC/LCFIPlus/build/CMakeFiles/CMakeTmp'
gmake: warning:  Clock skew detected.  Your build may be incomplete.


Source file was:
int main() { return 0; }
Performing C++ SOURCE FILE Test CXX_FLAG_WORKS__Wextra succeeded with the following output:
Change Dir: /home/goto/ILC/LCFIPlus/build/CMakeFiles/CMakeTmp

Run Build Command(s):/usr/bin/gmake cmTC_862f5/fast && gmake: Warning: File 'Makefile' has modification time 0.58 s in the future
/usr/bin/gmake -f CMakeFiles/cmTC_862f5.dir/build.make CMakeFiles/cmTC_862f5.dir/build
gmake[1]: Entering directory '/disk/ssd01/home_ssd01/goto/ILC/LCFIPlus/build/CMakeFiles/CMakeTmp'
gmake[1]: Warning: File 'CMakeFiles/cmTC_862f5.dir/flags.make' has modification time 0.3 s in the future
Building CXX object CMakeFiles/cmTC_862f5.dir/src.cxx.o
/usr/bin/g++    -Wall  -DCXX_FLAG_WORKS__Wextra   -Wextra -o CMakeFiles/cmTC_862f5.dir/src.cxx.o -c /home/goto/ILC/LCFIPlus/build/CMakeFiles/CMakeTmp/src.cxx
Linking CXX executable cmTC_862f5
/gluster/data/ilc/ilcsoft/v02-02/external_packages/CMake/3.15.5/bin/cmake -E cmake_link_script CMakeFiles/cmTC_862f5.dir/link.txt --verbose=1
/usr/bin/g++  -Wall  -DCXX_FLAG_WORKS__Wextra    -rdynamic CMakeFiles/cmTC_862f5.dir/src.cxx.o  -o cmTC_862f5 
gmake[1]: warning:  Clock skew detected.  Your build may be incomplete.
gmake[1]: Leaving directory '/disk/ssd01/home_ssd01/goto/ILC/LCFIPlus/build/CMakeFiles/CMakeTmp'
gmake: warning:  Clock skew detected.  Your build may be incomplete.


Source file was:
int main() { return 0; }
Performing C++ SOURCE FILE Test CXX_FLAG_WORKS__Wshadow succeeded with the following output:
Change Dir: /home/goto/ILC/LCFIPlus/build/CMakeFiles/CMakeTmp

Run Build Command(s):/usr/bin/gmake cmTC_c81ab/fast && gmake: Warning: File 'Makefile' has modification time 0.52 s in the future
/usr/bin/gmake -f CMakeFiles/cmTC_c81ab.dir/build.make CMakeFiles/cmTC_c81ab.dir/build
gmake[1]: Entering directory '/disk/ssd01/home_ssd01/goto/ILC/LCFIPlus/build/CMakeFiles/CMakeTmp'
gmake[1]: Warning: File 'CMakeFiles/cmTC_c81ab.dir/flags.make' has modification time 0.31 s in the future
Building CXX object CMakeFiles/cmTC_c81ab.dir/src.cxx.o
/usr/bin/g++    -Wextra -Wall  -DCXX_FLAG_WORKS__Wshadow   -Wshadow -o CMakeFiles/cmTC_c81ab.dir/src.cxx.o -c /home/goto/ILC/LCFIPlus/build/CMakeFiles/CMakeTmp/src.cxx
Linking CXX executable cmTC_c81ab
/gluster/data/ilc/ilcsoft/v02-02/external_packages/CMake/3.15.5/bin/cmake -E cmake_link_script CMakeFiles/cmTC_c81ab.dir/link.txt --verbose=1
/usr/bin/g++  -Wextra -Wall  -DCXX_FLAG_WORKS__Wshadow    -rdynamic CMakeFiles/cmTC_c81ab.dir/src.cxx.o  -o cmTC_c81ab 
gmake[1]: warning:  Clock skew detected.  Your build may be incomplete.
gmake[1]: Leaving directory '/disk/ssd01/home_ssd01/goto/ILC/LCFIPlus/build/CMakeFiles/CMakeTmp'
gmake: warning:  Clock skew detected.  Your build may be incomplete.


Source file was:
int main() { return 0; }
Performing C++ SOURCE FILE Test CXX_FLAG_WORKS__WeffcPP succeeded with the following output:
Change Dir: /home/goto/ILC/LCFIPlus/build/CMakeFiles/CMakeTmp

Run Build Command(s):/usr/bin/gmake cmTC_33cc2/fast && gmake: Warning: File 'Makefile' has modification time 0.59 s in the future
/usr/bin/gmake -f CMakeFiles/cmTC_33cc2.dir/build.make CMakeFiles/cmTC_33cc2.dir/build
gmake[1]: Entering directory '/disk/ssd01/home_ssd01/goto/ILC/LCFIPlus/build/CMakeFiles/CMakeTmp'
gmake[1]: Warning: File 'CMakeFiles/cmTC_33cc2.dir/flags.make' has modification time 0.47 s in the future
Building CXX object CMakeFiles/cmTC_33cc2.dir/src.cxx.o
/usr/bin/g++    -Wshadow -Wextra -Wall  -DCXX_FLAG_WORKS__WeffcPP   -Weffc++ -o CMakeFiles/cmTC_33cc2.dir/src.cxx.o -c /home/goto/ILC/LCFIPlus/build/CMakeFiles/CMakeTmp/src.cxx
Linking CXX executable cmTC_33cc2
/gluster/data/ilc/ilcsoft/v02-02/external_packages/CMake/3.15.5/bin/cmake -E cmake_link_script CMakeFiles/cmTC_33cc2.dir/link.txt --verbose=1
/usr/bin/g++  -Wshadow -Wextra -Wall  -DCXX_FLAG_WORKS__WeffcPP    -rdynamic CMakeFiles/cmTC_33cc2.dir/src.cxx.o  -o cmTC_33cc2 
gmake[1]: warning:  Clock skew detected.  Your build may be incomplete.
gmake[1]: Leaving directory '/disk/ssd01/home_ssd01/goto/ILC/LCFIPlus/build/CMakeFiles/CMakeTmp'
gmake: warning:  Clock skew detected.  Your build may be incomplete.


Source file was:
int main() { return 0; }
Performing C++ SOURCE FILE Test CXX_FLAG_WORKS__pedantic succeeded with the following output:
Change Dir: /home/goto/ILC/LCFIPlus/build/CMakeFiles/CMakeTmp

Run Build Command(s):/usr/bin/gmake cmTC_a5500/fast && gmake: Warning: File 'Makefile' has modification time 0.69 s in the future
/usr/bin/gmake -f CMakeFiles/cmTC_a5500.dir/build.make CMakeFiles/cmTC_a5500.dir/build
gmake[1]: Entering directory '/disk/ssd01/home_ssd01/goto/ILC/LCFIPlus/build/CMakeFiles/CMakeTmp'
gmake[1]: Warning: File 'CMakeFiles/cmTC_a5500.dir/flags.make' has modification time 0.56 s in the future
Building CXX object CMakeFiles/cmTC_a5500.dir/src.cxx.o
/usr/bin/g++    -Weffc++ -Wshadow -Wextra -Wall  -DCXX_FLAG_WORKS__pedantic   -pedantic -o CMakeFiles/cmTC_a5500.dir/src.cxx.o -c /home/goto/ILC/LCFIPlus/build/CMakeFiles/CMakeTmp/src.cxx
Linking CXX executable cmTC_a5500
/gluster/data/ilc/ilcsoft/v02-02/external_packages/CMake/3.15.5/bin/cmake -E cmake_link_script CMakeFiles/cmTC_a5500.dir/link.txt --verbose=1
/usr/bin/g++  -Weffc++ -Wshadow -Wextra -Wall  -DCXX_FLAG_WORKS__pedantic    -rdynamic CMakeFiles/cmTC_a5500.dir/src.cxx.o  -o cmTC_a5500 
gmake[1]: warning:  Clock skew detected.  Your build may be incomplete.
gmake[1]: Leaving directory '/disk/ssd01/home_ssd01/goto/ILC/LCFIPlus/build/CMakeFiles/CMakeTmp'
gmake: warning:  Clock skew detected.  Your build may be incomplete.


Source file was:
int main() { return 0; }
Performing C++ SOURCE FILE Test CXX_FLAG_WORKS__Wno_long_long succeeded with the following output:
Change Dir: /home/goto/ILC/LCFIPlus/build/CMakeFiles/CMakeTmp

Run Build Command(s):/usr/bin/gmake cmTC_8402d/fast && gmake: Warning: File 'Makefile' has modification time 0.59 s in the future
/usr/bin/gmake -f CMakeFiles/cmTC_8402d.dir/build.make CMakeFiles/cmTC_8402d.dir/build
gmake[1]: Entering directory '/disk/ssd01/home_ssd01/goto/ILC/LCFIPlus/build/CMakeFiles/CMakeTmp'
gmake[1]: Warning: File 'CMakeFiles/cmTC_8402d.dir/flags.make' has modification time 0.44 s in the future
Building CXX object CMakeFiles/cmTC_8402d.dir/src.cxx.o
/usr/bin/g++    -pedantic -Weffc++ -Wshadow -Wextra -Wall  -DCXX_FLAG_WORKS__Wno_long_long   -Wno-long-long -o CMakeFiles/cmTC_8402d.dir/src.cxx.o -c /home/goto/ILC/LCFIPlus/build/CMakeFiles/CMakeTmp/src.cxx
Linking CXX executable cmTC_8402d
/gluster/data/ilc/ilcsoft/v02-02/external_packages/CMake/3.15.5/bin/cmake -E cmake_link_script CMakeFiles/cmTC_8402d.dir/link.txt --verbose=1
/usr/bin/g++  -pedantic -Weffc++ -Wshadow -Wextra -Wall  -DCXX_FLAG_WORKS__Wno_long_long    -rdynamic CMakeFiles/cmTC_8402d.dir/src.cxx.o  -o cmTC_8402d 
gmake[1]: warning:  Clock skew detected.  Your build may be incomplete.
gmake[1]: Leaving directory '/disk/ssd01/home_ssd01/goto/ILC/LCFIPlus/build/CMakeFiles/CMakeTmp'
gmake: warning:  Clock skew detected.  Your build may be incomplete.


Source file was:
int main() { return 0; }
Performing C++ SOURCE FILE Test CXX_FLAG_WORKS__Wuninitialized succeeded with the following output:
Change Dir: /home/goto/ILC/LCFIPlus/build/CMakeFiles/CMakeTmp

Run Build Command(s):/usr/bin/gmake cmTC_0ceeb/fast && gmake: Warning: File 'Makefile' has modification time 0.59 s in the future
/usr/bin/gmake -f CMakeFiles/cmTC_0ceeb.dir/build.make CMakeFiles/cmTC_0ceeb.dir/build
gmake[1]: Entering directory '/disk/ssd01/home_ssd01/goto/ILC/LCFIPlus/build/CMakeFiles/CMakeTmp'
gmake[1]: Warning: File 'CMakeFiles/cmTC_0ceeb.dir/flags.make' has modification time 0.44 s in the future
Building CXX object CMakeFiles/cmTC_0ceeb.dir/src.cxx.o
/usr/bin/g++    -Wno-long-long -pedantic -Weffc++ -Wshadow -Wextra -Wall  -DCXX_FLAG_WORKS__Wuninitialized   -Wuninitialized -o CMakeFiles/cmTC_0ceeb.dir/src.cxx.o -c /home/goto/ILC/LCFIPlus/build/CMakeFiles/CMakeTmp/src.cxx
Linking CXX executable cmTC_0ceeb
/gluster/data/ilc/ilcsoft/v02-02/external_packages/CMake/3.15.5/bin/cmake -E cmake_link_script CMakeFiles/cmTC_0ceeb.dir/link.txt --verbose=1
/usr/bin/g++  -Wno-long-long -pedantic -Weffc++ -Wshadow -Wextra -Wall  -DCXX_FLAG_WORKS__Wuninitialized    -rdynamic CMakeFiles/cmTC_0ceeb.dir/src.cxx.o  -o cmTC_0ceeb 
gmake[1]: warning:  Clock skew detected.  Your build may be incomplete.
gmake[1]: Leaving directory '/disk/ssd01/home_ssd01/goto/ILC/LCFIPlus/build/CMakeFiles/CMakeTmp'
gmake: warning:  Clock skew detected.  Your build may be incomplete.


Source file was:
int main() { return 0; }
Performing C++ SOURCE FILE Test CXX_FLAG_WORKS__Wl,_no_undefined succeeded with the following output:
Change Dir: /home/goto/ILC/LCFIPlus/build/CMakeFiles/CMakeTmp

Run Build Command(s):/usr/bin/gmake cmTC_b0ec6/fast && gmake: Warning: File 'Makefile' has modification time 0.61 s in the future
/usr/bin/gmake -f CMakeFiles/cmTC_b0ec6.dir/build.make CMakeFiles/cmTC_b0ec6.dir/build
gmake[1]: Entering directory '/disk/ssd01/home_ssd01/goto/ILC/LCFIPlus/build/CMakeFiles/CMakeTmp'
gmake[1]: Warning: File 'CMakeFiles/cmTC_b0ec6.dir/flags.make' has modification time 0.49 s in the future
Building CXX object CMakeFiles/cmTC_b0ec6.dir/src.cxx.o
/usr/bin/g++    -Wuninitialized -Wno-long-long -pedantic -Weffc++ -Wshadow -Wextra -Wall  -DCXX_FLAG_WORKS__Wl,_no_undefined   -Wl,-no-undefined -o CMakeFiles/cmTC_b0ec6.dir/src.cxx.o -c /home/goto/ILC/LCFIPlus/build/CMakeFiles/CMakeTmp/src.cxx
<command-line>: warning: ISO C++11 requires whitespace after the macro name
Linking CXX executable cmTC_b0ec6
/gluster/data/ilc/ilcsoft/v02-02/external_packages/CMake/3.15.5/bin/cmake -E cmake_link_script CMakeFiles/cmTC_b0ec6.dir/link.txt --verbose=1
/usr/bin/g++  -Wuninitialized -Wno-long-long -pedantic -Weffc++ -Wshadow -Wextra -Wall  -DCXX_FLAG_WORKS__Wl,_no_undefined    -rdynamic CMakeFiles/cmTC_b0ec6.dir/src.cxx.o  -o cmTC_b0ec6 
gmake[1]: warning:  Clock skew detected.  Your build may be incomplete.
gmake[1]: Leaving directory '/disk/ssd01/home_ssd01/goto/ILC/LCFIPlus/build/CMakeFiles/CMakeTmp'
gmake: warning:  Clock skew detected.  Your build may be incomplete.


Source file was:
int main() { return 0; }
Performing C++ SOURCE FILE Test CXX_FLAG_WORKS_stdCXX11 succeeded with the following output:
Change Dir: /home/goto/ILC/LCFIPlus/build/CMakeFiles/CMakeTmp

Run Build Command(s):/usr/bin/gmake cmTC_88b1d/fast && gmake: Warning: File 'Makefile' has modification time 0.7 s in the future
/usr/bin/gmake -f CMakeFiles/cmTC_88b1d.dir/build.make CMakeFiles/cmTC_88b1d.dir/build
gmake[1]: Entering directory '/disk/ssd01/home_ssd01/goto/ILC/LCFIPlus/build/CMakeFiles/CMakeTmp'
gmake[1]: Warning: File 'CMakeFiles/cmTC_88b1d.dir/flags.make' has modification time 0.54 s in the future
Building CXX object CMakeFiles/cmTC_88b1d.dir/src.cxx.o
/usr/bin/g++    -Wl,-no-undefined -Wuninitialized -Wno-long-long -pedantic -Weffc++ -Wshadow -Wextra -Wall  -DCXX_FLAG_WORKS_stdCXX11   -std=c++11 -o CMakeFiles/cmTC_88b1d.dir/src.cxx.o -c /home/goto/ILC/LCFIPlus/build/CMakeFiles/CMakeTmp/src.cxx
Linking CXX executable cmTC_88b1d
/gluster/data/ilc/ilcsoft/v02-02/external_packages/CMake/3.15.5/bin/cmake -E cmake_link_script CMakeFiles/cmTC_88b1d.dir/link.txt --verbose=1
/usr/bin/g++  -Wl,-no-undefined -Wuninitialized -Wno-long-long -pedantic -Weffc++ -Wshadow -Wextra -Wall  -DCXX_FLAG_WORKS_stdCXX11    -rdynamic CMakeFiles/cmTC_88b1d.dir/src.cxx.o  -o cmTC_88b1d 
gmake[1]: warning:  Clock skew detected.  Your build may be incomplete.
gmake[1]: Leaving directory '/disk/ssd01/home_ssd01/goto/ILC/LCFIPlus/build/CMakeFiles/CMakeTmp'
gmake: warning:  Clock skew detected.  Your build may be incomplete.


Source file was:
int main() { return 0; }
